Unity Editor version:    2021.3.22f1 (b6c551784ba3)
Branch:                  2021.3/staging
Build type:              Release
Batch mode:              YES
macOS version:           Version 12.6.3 (Build 21G419)
Darwin version:          21.6.0
Architecture:            x86_64
Running under Rosetta:   NO
Available memory:        16384 MB
Using pre-set license
Pro License: YES

COMMAND LINE ARGUMENTS:
/Applications/Unity/Hub/Editor/2021.3.22f1/Unity.app/Contents/MacOS/Unity
-adb2
-batchMode
-noUpm
-name
AssetImportWorker2
-projectPath
/Users/hwang-eunbi/Documents/GitHub/eun-s_adventure/digital_travel/digital_travel
-logFile
Logs/AssetImportWorker2.log
-srvPort
52554
Successfully changed project path to: /Users/hwang-eunbi/Documents/GitHub/eun-s_adventure/digital_travel/digital_travel
/Users/hwang-eunbi/Documents/GitHub/eun-s_adventure/digital_travel/digital_travel
[UnityMemory] Configuration Parameters - Can be set up in boot.config
    "memorysetup-bucket-allocator-granularity=16"
    "memorysetup-bucket-allocator-bucket-count=8"
    "memorysetup-bucket-allocator-block-size=33554432"
    "memorysetup-bucket-allocator-block-count=8"
    "memorysetup-main-allocator-block-size=16777216"
    "memorysetup-thread-allocator-block-size=16777216"
    "memorysetup-gfx-main-allocator-block-size=16777216"
    "memorysetup-gfx-thread-allocator-block-size=16777216"
    "memorysetup-cache-allocator-block-size=4194304"
    "memorysetup-typetree-allocator-block-size=2097152"
    "memorysetup-profiler-bucket-allocator-granularity=16"
    "memorysetup-profiler-bucket-allocator-bucket-count=8"
    "memorysetup-profiler-bucket-allocator-block-size=33554432"
    "memorysetup-profiler-bucket-allocator-block-count=8"
    "memorysetup-profiler-allocator-block-size=16777216"
    "memorysetup-profiler-editor-allocator-block-size=1048576"
    "memorysetup-temp-allocator-size-main=16777216"
    "memorysetup-job-temp-allocator-block-size=2097152"
    "memorysetup-job-temp-allocator-block-size-background=1048576"
    "memorysetup-job-temp-allocator-reduction-small-platforms=262144"
    "memorysetup-temp-allocator-size-background-worker=32768"
    "memorysetup-temp-allocator-size-job-worker=262144"
    "memorysetup-temp-allocator-size-preload-manager=33554432"
    "memorysetup-temp-allocator-size-nav-mesh-worker=65536"
    "memorysetup-temp-allocator-size-audio-worker=65536"
    "memorysetup-temp-allocator-size-cloud-worker=32768"
    "memorysetup-temp-allocator-size-gi-baking-worker=262144"
    "memorysetup-temp-allocator-size-gfx=262144"
Player connection [4587587072] Host "[IP] 172.16.1.206 [Port] 0 [Flags] 2 [Guid] 4042731060 [EditorId] 4042731060 [Version] 1048832 [Id] OSXEditor(0,hwang-eunbiui-MacBookPro.local) [Debug] 1 [PackageName] OSXEditor [ProjectName] Editor" joined multi-casting on [225.0.0.222:54997]...

Player connection [4587587072] Host "[IP] 172.16.1.206 [Port] 0 [Flags] 2 [Guid] 4042731060 [EditorId] 4042731060 [Version] 1048832 [Id] OSXEditor(0,hwang-eunbiui-MacBookPro.local) [Debug] 1 [PackageName] OSXEditor [ProjectName] Editor" joined alternative multi-casting on [225.0.0.222:34997]...

Refreshing native plugins compatible for Editor in 79.57 ms, found 2 plugins.
Preloading 0 native plugins for Editor in 0.00 ms.
Initialize engine version: 2021.3.22f1 (b6c551784ba3)
[Subsystems] Discovering subsystems at path /Applications/Unity/Hub/Editor/2021.3.22f1/Unity.app/Contents/Resources/UnitySubsystems
[Subsystems] Discovering subsystems at path /Users/hwang-eunbi/Documents/GitHub/eun-s_adventure/digital_travel/digital_travel/Assets
GfxDevice: creating device client; threaded=0; jobified=0
Color LCD preferred device: AMD Radeon Pro 5500M (high power)
Metal devices available: 2
0: AMD Radeon Pro 5500M (high power)
1: Intel(R) UHD Graphics 630 (low power)
Using device AMD Radeon Pro 5500M (high power)
Initializing Metal device caps: AMD Radeon Pro 5500M
Initialize mono
Mono path[0] = '/Applications/Unity/Hub/Editor/2021.3.22f1/Unity.app/Contents/Managed'
Mono path[1] = '/Applications/Unity/Hub/Editor/2021.3.22f1/Unity.app/Contents/MonoBleedingEdge/lib/mono/unityjit-macos'
Mono config path = '/Applications/Unity/Hub/Editor/2021.3.22f1/Unity.app/Contents/MonoBleedingEdge/etc'
Using monoOptions --debugger-agent=transport=dt_socket,embedding=1,server=y,suspend=n,address=127.0.0.1:56230
Begin MonoManager ReloadAssembly
Registering precompiled unity dll's ...
Register platform support module: /Applications/Unity/Hub/Editor/2021.3.22f1/PlaybackEngines/WebGLSupport/UnityEditor.WebGL.Extensions.dll
Register platform support module: /Applications/Unity/Hub/Editor/2021.3.22f1/Unity.app/Contents/PlaybackEngines/MacStandaloneSupport/UnityEditor.OSXStandalone.Extensions.dll
Registered in 0.004588 seconds.
Native extension for OSXStandalone target not found
Native extension for WebGL target not found
Refreshing native plugins compatible for Editor in 69.13 ms, found 2 plugins.
Preloading 0 native plugins for Editor in 0.00 ms.
Mono: successfully reloaded assembly
- Completed reload, in  0.808 seconds
Domain Reload Profiling:
	ReloadAssembly (808ms)
		BeginReloadAssembly (117ms)
			ExecutionOrderSort (0ms)
			DisableScriptedObjects (0ms)
			BackupInstance (0ms)
			ReleaseScriptingObjects (0ms)
			CreateAndSetChildDomain (1ms)
		EndReloadAssembly (563ms)
			LoadAssemblies (119ms)
			RebuildTransferFunctionScriptingTraits (0ms)
			SetupTypeCache (157ms)
			ReleaseScriptCaches (0ms)
			RebuildScriptCaches (40ms)
			SetupLoadedEditorAssemblies (304ms)
				LogAssemblyErrors (0ms)
				InitializePlatformSupportModulesInManaged (8ms)
				SetLoadedEditorAssemblies (0ms)
				RefreshPlugins (69ms)
				BeforeProcessingInitializeOnLoad (1ms)
				ProcessInitializeOnLoadAttributes (169ms)
				ProcessInitializeOnLoadMethodAttributes (57ms)
				AfterProcessingInitializeOnLoad (0ms)
				EditorAssembliesLoaded (0ms)
			ExecutionOrderSort2 (0ms)
			AwakeInstancesAfterBackupRestoration (0ms)
Platform modules already initialized, skipping
Registering precompiled user dll's ...
Registered in 0.001703 seconds.
Begin MonoManager ReloadAssembly
Symbol file LoadedFromMemory doesn't match image /Users/hwang-eunbi/Documents/GitHub/eun-s_adventure/digital_travel/digital_travel/Library/PackageCache/com.unity.visualscripting@1.8.0/Editor/VisualScripting.Core/Dependencies/YamlDotNet/Unity.VisualScripting.YamlDotNet.dll
Symbol file LoadedFromMemory doesn't match image /Users/hwang-eunbi/Documents/GitHub/eun-s_adventure/digital_travel/digital_travel/Library/PackageCache/com.unity.visualscripting@1.8.0/Editor/VisualScripting.Core/Dependencies/DotNetZip/Unity.VisualScripting.IonicZip.dll
Native extension for OSXStandalone target not found
Native extension for WebGL target not found
Refreshing native plugins compatible for Editor in 0.75 ms, found 2 plugins.
Preloading 0 native plugins for Editor in 0.00 ms.
Mono: successfully reloaded assembly
- Completed reload, in  1.227 seconds
Domain Reload Profiling:
	ReloadAssembly (1228ms)
		BeginReloadAssembly (145ms)
			ExecutionOrderSort (0ms)
			DisableScriptedObjects (7ms)
			BackupInstance (0ms)
			ReleaseScriptingObjects (0ms)
			CreateAndSetChildDomain (34ms)
		EndReloadAssembly (950ms)
			LoadAssemblies (115ms)
			RebuildTransferFunctionScriptingTraits (0ms)
			SetupTypeCache (305ms)
			ReleaseScriptCaches (1ms)
			RebuildScriptCaches (64ms)
			SetupLoadedEditorAssemblies (426ms)
				LogAssemblyErrors (0ms)
				InitializePlatformSupportModulesInManaged (6ms)
				SetLoadedEditorAssemblies (1ms)
				RefreshPlugins (1ms)
				BeforeProcessingInitializeOnLoad (75ms)
				ProcessInitializeOnLoadAttributes (316ms)
				ProcessInitializeOnLoadMethodAttributes (26ms)
				AfterProcessingInitializeOnLoad (1ms)
				EditorAssembliesLoaded (0ms)
			ExecutionOrderSort2 (0ms)
			AwakeInstancesAfterBackupRestoration (5ms)
Platform modules already initialized, skipping
========================================================================
Worker process is ready to serve import requests
Launching external process: /Applications/Unity/Hub/Editor/2021.3.22f1/Unity.app/Contents/Tools/UnityShaderCompiler
Launched and connected shader compiler UnityShaderCompiler after 0.09 seconds
Refreshing native plugins compatible for Editor in 0.53 ms, found 2 plugins.
Preloading 0 native plugins for Editor in 0.00 ms.
Unloading 2941 Unused Serialized files (Serialized files now loaded: 0)
Unloading 21 unused Assets / (40.4 KB). Loaded Objects now: 3403.
Memory consumption went from 98.8 MB to 98.8 MB.
Total: 4.497599 ms (FindLiveObjects: 0.286886 ms CreateObjectMapping: 0.179262 ms MarkObjects: 3.872966 ms  DeleteObjects: 0.157349 ms)

AssetImportParameters requested are different than current active one (requested -> active):
  custom:video-decoder-ogg-theora: a1e56fd34408186e4bbccfd4996cb3dc -> 
  custom:container-muxer-webm: aa71ff27fc2769a1b78a27578f13a17b -> 
  custom:container-demuxer-webm: 4f35f7cbe854078d1ac9338744f61a02 -> 
  custom:video-encoder-webm-vp8: eb34c28f22e8b96e1ab97ce403110664 -> 
  custom:framework-osx-AVFoundation: e770b220cccbd017edd2c1fefb359320 -> 
  custom:audio-encoder-webm-vorbis: bf7c407c2cedff20999df2af8eb42d56 -> 
  custom:container-demuxer-ogg: 62fdf1f143b41e24485cea50d1cbac27 -> 
  custom:video-decoder-webm-vp8: 9c59270c3fd7afecdb556c50c9e8de78 -> 
  custom:audio-decoder-ogg-vorbis: bf7c407c2cedff20999df2af8eb42d56 -> 
========================================================================
Received Import Request.
  Time since last request: 28859.193338 seconds.
  path: Assets/Sprite/2x/자산 20@2x.png
  artifactKey: Guid(d7d8de5e241a644509f643793c2bef05) Importer(815301076,1909f56bfc062723c751e8b465ee728b)
Start importing Assets/Sprite/2x/자산 20@2x.png using Guid(d7d8de5e241a644509f643793c2bef05) Importer(815301076,1909f56bfc062723c751e8b465ee728b)  -> (artifact id: '62ae5cbfaa2e065db039ae43708c2c1e') in 1.010090 seconds 
========================================================================
Received Import Request.
  Time since last request: 0.000178 seconds.
  path: Assets/Sprite/2x/자산 12@2x.png
  artifactKey: Guid(7b3c7ce4147a14ed980eab1ed44a6292) Importer(815301076,1909f56bfc062723c751e8b465ee728b)
Start importing Assets/Sprite/2x/자산 12@2x.png using Guid(7b3c7ce4147a14ed980eab1ed44a6292) Importer(815301076,1909f56bfc062723c751e8b465ee728b)  -> (artifact id: '2777e83e4f782cb56648ed9db25b9698') in 0.154768 seconds 
========================================================================
Received Import Request.
  Time since last request: 0.000521 seconds.
  path: Assets/Sprite/2x
  artifactKey: Guid(931e66341ccd1411fa867dcdc920add9) Importer(815301076,1909f56bfc062723c751e8b465ee728b)
Start importing Assets/Sprite/2x using Guid(931e66341ccd1411fa867dcdc920add9) Importer(815301076,1909f56bfc062723c751e8b465ee728b)  -> (artifact id: 'c283b681f77af30aa16a60fd36d1e6a3') in 0.001262 seconds 
========================================================================
Received Import Request.
  Time since last request: 0.000062 seconds.
  path: Assets/Sprite/2x/자산 11@2x.png
  artifactKey: Guid(e587c43bc2ebd444fa0d08ccd026bb5b) Importer(815301076,1909f56bfc062723c751e8b465ee728b)
Start importing Assets/Sprite/2x/자산 11@2x.png using Guid(e587c43bc2ebd444fa0d08ccd026bb5b) Importer(815301076,1909f56bfc062723c751e8b465ee728b)  -> (artifact id: 'b7b5689460d9c1499bd33214a57c4e2d') in 0.229426 seconds 
========================================================================
Received Import Request.
  Time since last request: 0.000099 seconds.
  path: Assets/Sprite/2x/자산 23@2x.png
  artifactKey: Guid(ea60331f790da4f928905bf0a8c437d6) Importer(815301076,1909f56bfc062723c751e8b465ee728b)
Start importing Assets/Sprite/2x/자산 23@2x.png using Guid(ea60331f790da4f928905bf0a8c437d6) Importer(815301076,1909f56bfc062723c751e8b465ee728b)  -> (artifact id: '7af046f8ac6cefd61e622fe6d2702a78') in 0.160718 seconds 
========================================================================
Received Import Request.
  Time since last request: 0.000081 seconds.
  path: Assets/Sprite/2x/자산 4@2x.png
  artifactKey: Guid(a62c4600fa38d4754942d66ad2a60e02) Importer(815301076,1909f56bfc062723c751e8b465ee728b)
Start importing Assets/Sprite/2x/자산 4@2x.png using Guid(a62c4600fa38d4754942d66ad2a60e02) Importer(815301076,1909f56bfc062723c751e8b465ee728b)  -> (artifact id: '324e2f07e2df3417371c6c20224b440b') in 0.224347 seconds 
========================================================================
Received Import Request.
  Time since last request: 0.000102 seconds.
  path: Assets/Sprite/2x/자산 8@2x.png
  artifactKey: Guid(64d73507d0d7e48ae9987408780270fc) Importer(815301076,1909f56bfc062723c751e8b465ee728b)
Start importing Assets/Sprite/2x/자산 8@2x.png using Guid(64d73507d0d7e48ae9987408780270fc) Importer(815301076,1909f56bfc062723c751e8b465ee728b)  -> (artifact id: '49a04beb30dd81a0ce635c94581f81d1') in 0.212951 seconds 
Editor requested this worker to shutdown with reason: Scaling down because of idle timeout
AssetImportWorker is now disconnected from the server
Process exiting
