Unity Editor version:    2021.3.22f1 (b6c551784ba3)
Branch:                  2021.3/staging
Build type:              Release
Batch mode:              YES
macOS version:           Version 12.6.3 (Build 21G419)
Darwin version:          21.6.0
Architecture:            x86_64
Running under Rosetta:   NO
Available memory:        16384 MB
Using pre-set license
Pro License: YES

COMMAND LINE ARGUMENTS:
/Applications/Unity/Hub/Editor/2021.3.22f1/Unity.app/Contents/MacOS/Unity
-adb2
-batchMode
-noUpm
-name
AssetImportWorker3
-projectPath
/Users/hwang-eunbi/Documents/GitHub/eun-s_adventure/digital_travel/digital_travel
-logFile
Logs/AssetImportWorker3.log
-srvPort
52554
Successfully changed project path to: /Users/hwang-eunbi/Documents/GitHub/eun-s_adventure/digital_travel/digital_travel
/Users/hwang-eunbi/Documents/GitHub/eun-s_adventure/digital_travel/digital_travel
[UnityMemory] Configuration Parameters - Can be set up in boot.config
    "memorysetup-bucket-allocator-granularity=16"
    "memorysetup-bucket-allocator-bucket-count=8"
    "memorysetup-bucket-allocator-block-size=33554432"
    "memorysetup-bucket-allocator-block-count=8"
    "memorysetup-main-allocator-block-size=16777216"
    "memorysetup-thread-allocator-block-size=16777216"
    "memorysetup-gfx-main-allocator-block-size=16777216"
    "memorysetup-gfx-thread-allocator-block-size=16777216"
    "memorysetup-cache-allocator-block-size=4194304"
    "memorysetup-typetree-allocator-block-size=2097152"
    "memorysetup-profiler-bucket-allocator-granularity=16"
    "memorysetup-profiler-bucket-allocator-bucket-count=8"
    "memorysetup-profiler-bucket-allocator-block-size=33554432"
    "memorysetup-profiler-bucket-allocator-block-count=8"
    "memorysetup-profiler-allocator-block-size=16777216"
    "memorysetup-profiler-editor-allocator-block-size=1048576"
    "memorysetup-temp-allocator-size-main=16777216"
    "memorysetup-job-temp-allocator-block-size=2097152"
    "memorysetup-job-temp-allocator-block-size-background=1048576"
    "memorysetup-job-temp-allocator-reduction-small-platforms=262144"
    "memorysetup-temp-allocator-size-background-worker=32768"
    "memorysetup-temp-allocator-size-job-worker=262144"
    "memorysetup-temp-allocator-size-preload-manager=33554432"
    "memorysetup-temp-allocator-size-nav-mesh-worker=65536"
    "memorysetup-temp-allocator-size-audio-worker=65536"
    "memorysetup-temp-allocator-size-cloud-worker=32768"
    "memorysetup-temp-allocator-size-gi-baking-worker=262144"
    "memorysetup-temp-allocator-size-gfx=262144"
Player connection [4717012480] Host "[IP] 172.16.1.206 [Port] 0 [Flags] 2 [Guid] 76831250 [EditorId] 76831250 [Version] 1048832 [Id] OSXEditor(0,hwang-eunbiui-MacBookPro.local) [Debug] 1 [PackageName] OSXEditor [ProjectName] Editor" joined multi-casting on [225.0.0.222:54997]...

Player connection [4717012480] Host "[IP] 172.16.1.206 [Port] 0 [Flags] 2 [Guid] 76831250 [EditorId] 76831250 [Version] 1048832 [Id] OSXEditor(0,hwang-eunbiui-MacBookPro.local) [Debug] 1 [PackageName] OSXEditor [ProjectName] Editor" joined alternative multi-casting on [225.0.0.222:34997]...

Refreshing native plugins compatible for Editor in 77.70 ms, found 2 plugins.
Preloading 0 native plugins for Editor in 0.00 ms.
Initialize engine version: 2021.3.22f1 (b6c551784ba3)
[Subsystems] Discovering subsystems at path /Applications/Unity/Hub/Editor/2021.3.22f1/Unity.app/Contents/Resources/UnitySubsystems
[Subsystems] Discovering subsystems at path /Users/hwang-eunbi/Documents/GitHub/eun-s_adventure/digital_travel/digital_travel/Assets
GfxDevice: creating device client; threaded=0; jobified=0
Color LCD preferred device: AMD Radeon Pro 5500M (high power)
Metal devices available: 2
0: AMD Radeon Pro 5500M (high power)
1: Intel(R) UHD Graphics 630 (low power)
Using device AMD Radeon Pro 5500M (high power)
Initializing Metal device caps: AMD Radeon Pro 5500M
Initialize mono
Mono path[0] = '/Applications/Unity/Hub/Editor/2021.3.22f1/Unity.app/Contents/Managed'
Mono path[1] = '/Applications/Unity/Hub/Editor/2021.3.22f1/Unity.app/Contents/MonoBleedingEdge/lib/mono/unityjit-macos'
Mono config path = '/Applications/Unity/Hub/Editor/2021.3.22f1/Unity.app/Contents/MonoBleedingEdge/etc'
Using monoOptions --debugger-agent=transport=dt_socket,embedding=1,server=y,suspend=n,address=127.0.0.1:56232
Begin MonoManager ReloadAssembly
Registering precompiled unity dll's ...
Register platform support module: /Applications/Unity/Hub/Editor/2021.3.22f1/PlaybackEngines/WebGLSupport/UnityEditor.WebGL.Extensions.dll
Register platform support module: /Applications/Unity/Hub/Editor/2021.3.22f1/Unity.app/Contents/PlaybackEngines/MacStandaloneSupport/UnityEditor.OSXStandalone.Extensions.dll
Registered in 0.004460 seconds.
Native extension for OSXStandalone target not found
Native extension for WebGL target not found
Refreshing native plugins compatible for Editor in 68.03 ms, found 2 plugins.
Preloading 0 native plugins for Editor in 0.00 ms.
Mono: successfully reloaded assembly
- Completed reload, in  0.802 seconds
Domain Reload Profiling:
	ReloadAssembly (803ms)
		BeginReloadAssembly (111ms)
			ExecutionOrderSort (0ms)
			DisableScriptedObjects (0ms)
			BackupInstance (0ms)
			ReleaseScriptingObjects (0ms)
			CreateAndSetChildDomain (1ms)
		EndReloadAssembly (563ms)
			LoadAssemblies (113ms)
			RebuildTransferFunctionScriptingTraits (0ms)
			SetupTypeCache (159ms)
			ReleaseScriptCaches (0ms)
			RebuildScriptCaches (40ms)
			SetupLoadedEditorAssemblies (302ms)
				LogAssemblyErrors (0ms)
				InitializePlatformSupportModulesInManaged (8ms)
				SetLoadedEditorAssemblies (0ms)
				RefreshPlugins (68ms)
				BeforeProcessingInitializeOnLoad (1ms)
				ProcessInitializeOnLoadAttributes (169ms)
				ProcessInitializeOnLoadMethodAttributes (56ms)
				AfterProcessingInitializeOnLoad (0ms)
				EditorAssembliesLoaded (0ms)
			ExecutionOrderSort2 (0ms)
			AwakeInstancesAfterBackupRestoration (0ms)
Platform modules already initialized, skipping
Registering precompiled user dll's ...
Registered in 0.001677 seconds.
Begin MonoManager ReloadAssembly
Symbol file LoadedFromMemory doesn't match image /Users/hwang-eunbi/Documents/GitHub/eun-s_adventure/digital_travel/digital_travel/Library/PackageCache/com.unity.visualscripting@1.8.0/Editor/VisualScripting.Core/Dependencies/YamlDotNet/Unity.VisualScripting.YamlDotNet.dll
Symbol file LoadedFromMemory doesn't match image /Users/hwang-eunbi/Documents/GitHub/eun-s_adventure/digital_travel/digital_travel/Library/PackageCache/com.unity.visualscripting@1.8.0/Editor/VisualScripting.Core/Dependencies/DotNetZip/Unity.VisualScripting.IonicZip.dll
Native extension for OSXStandalone target not found
Native extension for WebGL target not found
Refreshing native plugins compatible for Editor in 0.72 ms, found 2 plugins.
Preloading 0 native plugins for Editor in 0.00 ms.
Mono: successfully reloaded assembly
- Completed reload, in  1.226 seconds
Domain Reload Profiling:
	ReloadAssembly (1227ms)
		BeginReloadAssembly (148ms)
			ExecutionOrderSort (0ms)
			DisableScriptedObjects (7ms)
			BackupInstance (0ms)
			ReleaseScriptingObjects (0ms)
			CreateAndSetChildDomain (41ms)
		EndReloadAssembly (950ms)
			LoadAssemblies (111ms)
			RebuildTransferFunctionScriptingTraits (0ms)
			SetupTypeCache (307ms)
			ReleaseScriptCaches (1ms)
			RebuildScriptCaches (64ms)
			SetupLoadedEditorAssemblies (424ms)
				LogAssemblyErrors (0ms)
				InitializePlatformSupportModulesInManaged (6ms)
				SetLoadedEditorAssemblies (1ms)
				RefreshPlugins (1ms)
				BeforeProcessingInitializeOnLoad (75ms)
				ProcessInitializeOnLoadAttributes (314ms)
				ProcessInitializeOnLoadMethodAttributes (26ms)
				AfterProcessingInitializeOnLoad (1ms)
				EditorAssembliesLoaded (0ms)
			ExecutionOrderSort2 (0ms)
			AwakeInstancesAfterBackupRestoration (5ms)
Platform modules already initialized, skipping
========================================================================
Worker process is ready to serve import requests
Launching external process: /Applications/Unity/Hub/Editor/2021.3.22f1/Unity.app/Contents/Tools/UnityShaderCompiler
Launched and connected shader compiler UnityShaderCompiler after 0.09 seconds
Refreshing native plugins compatible for Editor in 0.41 ms, found 2 plugins.
Preloading 0 native plugins for Editor in 0.00 ms.
Unloading 2941 Unused Serialized files (Serialized files now loaded: 0)
Unloading 21 unused Assets / (40.4 KB). Loaded Objects now: 3403.
Memory consumption went from 98.9 MB to 98.8 MB.
Total: 4.142875 ms (FindLiveObjects: 0.281489 ms CreateObjectMapping: 0.215418 ms MarkObjects: 3.429160 ms  DeleteObjects: 0.215761 ms)

AssetImportParameters requested are different than current active one (requested -> active):
  custom:video-decoder-ogg-theora: a1e56fd34408186e4bbccfd4996cb3dc -> 
  custom:container-muxer-webm: aa71ff27fc2769a1b78a27578f13a17b -> 
  custom:container-demuxer-webm: 4f35f7cbe854078d1ac9338744f61a02 -> 
  custom:video-encoder-webm-vp8: eb34c28f22e8b96e1ab97ce403110664 -> 
  custom:framework-osx-AVFoundation: e770b220cccbd017edd2c1fefb359320 -> 
  custom:audio-encoder-webm-vorbis: bf7c407c2cedff20999df2af8eb42d56 -> 
  custom:container-demuxer-ogg: 62fdf1f143b41e24485cea50d1cbac27 -> 
  custom:video-decoder-webm-vp8: 9c59270c3fd7afecdb556c50c9e8de78 -> 
  custom:audio-decoder-ogg-vorbis: bf7c407c2cedff20999df2af8eb42d56 -> 
========================================================================
Received Import Request.
  Time since last request: 28859.193340 seconds.
  path: Assets/Sprite/2x/자산 10@2x.png
  artifactKey: Guid(09fd62371ff2c49cfa2c5cdaf54ba29b) Importer(815301076,1909f56bfc062723c751e8b465ee728b)
Start importing Assets/Sprite/2x/자산 10@2x.png using Guid(09fd62371ff2c49cfa2c5cdaf54ba29b) Importer(815301076,1909f56bfc062723c751e8b465ee728b)  -> (artifact id: '6b047de15814c474b3a2c36652a8ac9a') in 1.011208 seconds 
========================================================================
Received Import Request.
  Time since last request: 0.000190 seconds.
  path: Assets/Sprite/2x/자산 17@2x.png
  artifactKey: Guid(409a157b07f8e49c2ae19f1d78913af7) Importer(815301076,1909f56bfc062723c751e8b465ee728b)
Start importing Assets/Sprite/2x/자산 17@2x.png using Guid(409a157b07f8e49c2ae19f1d78913af7) Importer(815301076,1909f56bfc062723c751e8b465ee728b)  -> (artifact id: 'b81df5e1d320bcbf0fa0c85c40ec58c6') in 0.089746 seconds 
========================================================================
Received Import Request.
  Time since last request: 0.000587 seconds.
  path: Assets/Sprite/2x/자산 28@2x.png
  artifactKey: Guid(bc6988ba7049144f59f14dcd7689fb4e) Importer(815301076,1909f56bfc062723c751e8b465ee728b)
Start importing Assets/Sprite/2x/자산 28@2x.png using Guid(bc6988ba7049144f59f14dcd7689fb4e) Importer(815301076,1909f56bfc062723c751e8b465ee728b)  -> (artifact id: '205b8a0bf9bed74f8c14b03c4c245521') in 0.125909 seconds 
========================================================================
Received Import Request.
  Time since last request: 0.000074 seconds.
  path: Assets/Sprite/2x/자산 29@2x.png
  artifactKey: Guid(917040f428f374558bf178d91e925a5f) Importer(815301076,1909f56bfc062723c751e8b465ee728b)
Start importing Assets/Sprite/2x/자산 29@2x.png using Guid(917040f428f374558bf178d91e925a5f) Importer(815301076,1909f56bfc062723c751e8b465ee728b)  -> (artifact id: 'f3797d6a10f0f71befb709d468421152') in 0.131267 seconds 
========================================================================
Received Import Request.
  Time since last request: 0.000095 seconds.
  path: Assets/Sprite/2x/자산 34@2x.png
  artifactKey: Guid(993c8ac92fa2c474895016a70389e0ea) Importer(815301076,1909f56bfc062723c751e8b465ee728b)
Start importing Assets/Sprite/2x/자산 34@2x.png using Guid(993c8ac92fa2c474895016a70389e0ea) Importer(815301076,1909f56bfc062723c751e8b465ee728b)  -> (artifact id: '1c51add4e02705ed0a3c0a88381eb2b8') in 0.138847 seconds 
========================================================================
Received Import Request.
  Time since last request: 0.000142 seconds.
  path: Assets/Sprite/2x/자산 31@2x.png
  artifactKey: Guid(9de9f2df3d62e47b1bceea58897875c6) Importer(815301076,1909f56bfc062723c751e8b465ee728b)
Start importing Assets/Sprite/2x/자산 31@2x.png using Guid(9de9f2df3d62e47b1bceea58897875c6) Importer(815301076,1909f56bfc062723c751e8b465ee728b)  -> (artifact id: 'ee30d97d96ef877ee95a0300abce5fe3') in 0.129178 seconds 
========================================================================
Received Import Request.
  Time since last request: 0.000079 seconds.
  path: Assets/Sprite/2x/자산 16@2x.png
  artifactKey: Guid(197fb0deaa461498ba07066d7a37bee8) Importer(815301076,1909f56bfc062723c751e8b465ee728b)
Start importing Assets/Sprite/2x/자산 16@2x.png using Guid(197fb0deaa461498ba07066d7a37bee8) Importer(815301076,1909f56bfc062723c751e8b465ee728b)  -> (artifact id: '60932dcd615d80809b699c274e1f74f0') in 0.123358 seconds 
========================================================================
Received Import Request.
  Time since last request: 0.000117 seconds.
  path: Assets/Sprite/2x/자산 32@2x.png
  artifactKey: Guid(8e86e4a0466964538afa7469246cf361) Importer(815301076,1909f56bfc062723c751e8b465ee728b)
Start importing Assets/Sprite/2x/자산 32@2x.png using Guid(8e86e4a0466964538afa7469246cf361) Importer(815301076,1909f56bfc062723c751e8b465ee728b)  -> (artifact id: 'b95e34e79606a68b8f4c5375165aacff') in 0.139828 seconds 
========================================================================
Received Import Request.
  Time since last request: 0.000081 seconds.
  path: Assets/Sprite/2x/자산 6@2x.png
  artifactKey: Guid(75abde7a0519b480eb0ff2c7009ef542) Importer(815301076,1909f56bfc062723c751e8b465ee728b)
Start importing Assets/Sprite/2x/자산 6@2x.png using Guid(75abde7a0519b480eb0ff2c7009ef542) Importer(815301076,1909f56bfc062723c751e8b465ee728b)  -> (artifact id: 'db9e1976aebc4233fcb3ae7f32124b38') in 0.105655 seconds 
Editor requested this worker to shutdown with reason: Scaling down because of idle timeout
AssetImportWorker is now disconnected from the server
Process exiting
